<?xml version="1.0" encoding="UTF-8"?>

<project name="JunitTest" default="test" basedir=".">

	<property name="junit.home" location="${basedir}/../.." />
	<property name="lib.dir" location="${junit.home}/../../lib" />
	<property name="testdir" location="${junit.home}/JUnitConcept/JunitTest" />
	<property name="srcdir" location="${junit.home}/JUnitConcept/JunitSrc/TestJunitWithAnt" />
	<property name="full-compile" value="true" />

	<path id="classpath.base" />
	<path id="classpath.test">
		<pathelement location="${lib.dir}/junit-4.10.jar" />

		<pathelement location="${testdir}" />
		<pathelement location="${srcdir}" />
		<path refid="classpath.base" />
	</path>

	<target name="clean">
		<delete verbose="${full-compile}">
			<fileset dir="${testdir}" includes="**/*.class" />
		</delete>
	</target>
	
	<target name="compile" depends="clean">
		<javac srcdir="${srcdir}" destdir="${testdir}" verbose="${full-compile}">
			<classpath refid="classpath.test" />
		</javac>
	</target>

	<target name="test" depends="compile">
	<echo message = "${junit.home}" />
		<junit>
			<classpath refid="classpath.test" />
			<formatter type="brief" usefile="false" />
			<test name="TestMessageUtil" />
		</junit>
	</target>
	
</project>
